{"C:\\Users\\divij\\OneDrive\\Desktop\\Product_Inventory_API\\server.js": {"path":"C:\\Users\\divij\\OneDrive\\Desktop\\Product_Inventory_API\\server.js","statementMap":{"0":{"start":{"line":1,"column":14},"end":{"line":1,"column":32}},"1":{"start":{"line":2,"column":20},"end":{"line":2,"column":53}},"2":{"start":{"line":3,"column":17},"end":{"line":3,"column":47}},"3":{"start":{"line":4,"column":29},"end":{"line":4,"column":60}},"4":{"start":{"line":5,"column":19},"end":{"line":5,"column":56}},"5":{"start":{"line":6,"column":10},"end":{"line":6,"column":19}},"6":{"start":{"line":7,"column":0},"end":{"line":7,"column":26}},"7":{"start":{"line":9,"column":0},"end":{"line":9,"column":23}},"8":{"start":{"line":10,"column":0},"end":{"line":10,"column":22}},"9":{"start":{"line":11,"column":0},"end":{"line":11,"column":38}},"10":{"start":{"line":12,"column":0},"end":{"line":12,"column":31}},"11":{"start":{"line":13,"column":0},"end":{"line":13,"column":21}},"12":{"start":{"line":15,"column":13},"end":{"line":17,"column":2}},"13":{"start":{"line":16,"column":4},"end":{"line":16,"column":49}},"14":{"start":{"line":19,"column":0},"end":{"line":19,"column":21}}},"fnMap":{"0":{"name":"(anonymous_0)","decl":{"start":{"line":15,"column":29},"end":{"line":15,"column":30}},"loc":{"start":{"line":15,"column":33},"end":{"line":17,"column":1}},"line":15}},"branchMap":{},"s":{"0":2,"1":2,"2":2,"3":2,"4":2,"5":2,"6":2,"7":2,"8":2,"9":2,"10":2,"11":2,"12":2,"13":2,"14":2},"f":{"0":2},"b":{},"_coverageSchema":"1a1c01bbd47fc00a2c39e90264f33305004495a9","hash":"f025fbc2e816d88d050a02351a3f67db6b6a3c1d"}
,"C:\\Users\\divij\\OneDrive\\Desktop\\Product_Inventory_API\\Middlewares\\auth.js": {"path":"C:\\Users\\divij\\OneDrive\\Desktop\\Product_Inventory_API\\Middlewares\\auth.js","statementMap":{"0":{"start":{"line":1,"column":10},"end":{"line":1,"column":33}},"1":{"start":{"line":2,"column":11},"end":{"line":21,"column":1}},"2":{"start":{"line":3,"column":0},"end":{"line":20,"column":1}},"3":{"start":{"line":4,"column":16},"end":{"line":4,"column":67}},"4":{"start":{"line":5,"column":4},"end":{"line":10,"column":5}},"5":{"start":{"line":6,"column":8},"end":{"line":9,"column":10}},"6":{"start":{"line":13,"column":18},"end":{"line":13,"column":58}},"7":{"start":{"line":14,"column":4},"end":{"line":14,"column":20}},"8":{"start":{"line":15,"column":4},"end":{"line":15,"column":10}},"9":{"start":{"line":19,"column":4},"end":{"line":19,"column":15}},"10":{"start":{"line":23,"column":0},"end":{"line":23,"column":19}}},"fnMap":{"0":{"name":"(anonymous_0)","decl":{"start":{"line":2,"column":11},"end":{"line":2,"column":12}},"loc":{"start":{"line":2,"column":27},"end":{"line":21,"column":1}},"line":2}},"branchMap":{"0":{"loc":{"start":{"line":5,"column":4},"end":{"line":10,"column":5}},"type":"if","locations":[{"start":{"line":5,"column":4},"end":{"line":10,"column":5}},{"start":{},"end":{}}],"line":5}},"s":{"0":2,"1":2,"2":20,"3":20,"4":20,"5":1,"6":19,"7":19,"8":19,"9":0,"10":2},"f":{"0":20},"b":{"0":[1,19]},"_coverageSchema":"1a1c01bbd47fc00a2c39e90264f33305004495a9","hash":"963da865871a85bc0fd548b4d891312a666d295a"}
,"C:\\Users\\divij\\OneDrive\\Desktop\\Product_Inventory_API\\Middlewares\\errorHandler.js": {"path":"C:\\Users\\divij\\OneDrive\\Desktop\\Product_Inventory_API\\Middlewares\\errorHandler.js","statementMap":{"0":{"start":{"line":1,"column":14},"end":{"line":1,"column":46}},"1":{"start":{"line":3,"column":19},"end":{"line":79,"column":1}},"2":{"start":{"line":4,"column":4},"end":{"line":9,"column":21}},"3":{"start":{"line":12,"column":20},"end":{"line":23,"column":1}},"4":{"start":{"line":25,"column":0},"end":{"line":70,"column":1}},"5":{"start":{"line":27,"column":8},"end":{"line":27,"column":22}},"6":{"start":{"line":28,"column":8},"end":{"line":28,"column":53}},"7":{"start":{"line":29,"column":8},"end":{"line":29,"column":14}},"8":{"start":{"line":31,"column":8},"end":{"line":31,"column":22}},"9":{"start":{"line":32,"column":8},"end":{"line":32,"column":53}},"10":{"start":{"line":33,"column":8},"end":{"line":33,"column":14}},"11":{"start":{"line":35,"column":8},"end":{"line":35,"column":22}},"12":{"start":{"line":36,"column":8},"end":{"line":36,"column":51}},"13":{"start":{"line":37,"column":8},"end":{"line":37,"column":14}},"14":{"start":{"line":39,"column":8},"end":{"line":39,"column":22}},"15":{"start":{"line":40,"column":8},"end":{"line":40,"column":48}},"16":{"start":{"line":41,"column":8},"end":{"line":41,"column":14}},"17":{"start":{"line":43,"column":8},"end":{"line":43,"column":22}},"18":{"start":{"line":44,"column":8},"end":{"line":44,"column":53}},"19":{"start":{"line":45,"column":8},"end":{"line":45,"column":14}},"20":{"start":{"line":47,"column":8},"end":{"line":47,"column":22}},"21":{"start":{"line":48,"column":8},"end":{"line":48,"column":49}},"22":{"start":{"line":49,"column":8},"end":{"line":49,"column":14}},"23":{"start":{"line":51,"column":8},"end":{"line":51,"column":22}},"24":{"start":{"line":52,"column":8},"end":{"line":52,"column":48}},"25":{"start":{"line":53,"column":8},"end":{"line":53,"column":14}},"26":{"start":{"line":55,"column":8},"end":{"line":55,"column":22}},"27":{"start":{"line":56,"column":8},"end":{"line":56,"column":61}},"28":{"start":{"line":57,"column":8},"end":{"line":57,"column":14}},"29":{"start":{"line":59,"column":8},"end":{"line":59,"column":22}},"30":{"start":{"line":60,"column":8},"end":{"line":60,"column":61}},"31":{"start":{"line":61,"column":8},"end":{"line":61,"column":14}},"32":{"start":{"line":63,"column":8},"end":{"line":63,"column":22}},"33":{"start":{"line":64,"column":8},"end":{"line":64,"column":57}},"34":{"start":{"line":65,"column":8},"end":{"line":65,"column":14}},"35":{"start":{"line":67,"column":8},"end":{"line":67,"column":22}},"36":{"start":{"line":68,"column":8},"end":{"line":68,"column":43}},"37":{"start":{"line":72,"column":0},"end":{"line":76,"column":2}},"38":{"start":{"line":82,"column":0},"end":{"line":82,"column":27}}},"fnMap":{"0":{"name":"(anonymous_0)","decl":{"start":{"line":3,"column":19},"end":{"line":3,"column":20}},"loc":{"start":{"line":3,"column":39},"end":{"line":79,"column":1}},"line":3}},"branchMap":{"0":{"loc":{"start":{"line":25,"column":0},"end":{"line":70,"column":1}},"type":"switch","locations":[{"start":{"line":26,"column":4},"end":{"line":29,"column":14}},{"start":{"line":30,"column":4},"end":{"line":33,"column":14}},{"start":{"line":34,"column":4},"end":{"line":37,"column":14}},{"start":{"line":38,"column":4},"end":{"line":41,"column":14}},{"start":{"line":42,"column":4},"end":{"line":45,"column":14}},{"start":{"line":46,"column":4},"end":{"line":49,"column":14}},{"start":{"line":50,"column":4},"end":{"line":53,"column":14}},{"start":{"line":54,"column":4},"end":{"line":57,"column":14}},{"start":{"line":58,"column":4},"end":{"line":61,"column":14}},{"start":{"line":62,"column":4},"end":{"line":65,"column":14}},{"start":{"line":66,"column":4},"end":{"line":68,"column":43}}],"line":25}},"s":{"0":2,"1":2,"2":11,"3":11,"4":11,"5":1,"6":1,"7":1,"8":1,"9":1,"10":1,"11":3,"12":3,"13":3,"14":1,"15":1,"16":1,"17":3,"18":3,"19":3,"20":0,"21":0,"22":0,"23":1,"24":1,"25":1,"26":1,"27":1,"28":1,"29":0,"30":0,"31":0,"32":0,"33":0,"34":0,"35":0,"36":0,"37":11,"38":2},"f":{"0":11},"b":{"0":[1,1,3,1,3,0,1,1,0,0,0]},"_coverageSchema":"1a1c01bbd47fc00a2c39e90264f33305004495a9","hash":"d96db1cfce426ac6cb33bd949bb2bb60b97cc015"}
,"C:\\Users\\divij\\OneDrive\\Desktop\\Product_Inventory_API\\Middlewares\\logger.js": {"path":"C:\\Users\\divij\\OneDrive\\Desktop\\Product_Inventory_API\\Middlewares\\logger.js","statementMap":{"0":{"start":{"line":1,"column":14},"end":{"line":1,"column":32}},"1":{"start":{"line":3,"column":13},"end":{"line":17,"column":2}},"2":{"start":{"line":9,"column":36},"end":{"line":9,"column":86}},"3":{"start":{"line":18,"column":20},"end":{"line":21,"column":1}},"4":{"start":{"line":19,"column":4},"end":{"line":19,"column":43}},"5":{"start":{"line":20,"column":4},"end":{"line":20,"column":10}},"6":{"start":{"line":23,"column":0},"end":{"line":23,"column":37}}},"fnMap":{"0":{"name":"(anonymous_0)","decl":{"start":{"line":9,"column":30},"end":{"line":9,"column":31}},"loc":{"start":{"line":9,"column":36},"end":{"line":9,"column":86}},"line":9},"1":{"name":"(anonymous_1)","decl":{"start":{"line":18,"column":20},"end":{"line":18,"column":21}},"loc":{"start":{"line":18,"column":36},"end":{"line":21,"column":1}},"line":18}},"branchMap":{},"s":{"0":2,"1":2,"2":36,"3":2,"4":25,"5":25,"6":2},"f":{"0":36,"1":25},"b":{},"_coverageSchema":"1a1c01bbd47fc00a2c39e90264f33305004495a9","hash":"ab8f40f81955f00f27be3e4f427a0eda5d1b4d19"}
,"C:\\Users\\divij\\OneDrive\\Desktop\\Product_Inventory_API\\controller\\authController.js": {"path":"C:\\Users\\divij\\OneDrive\\Desktop\\Product_Inventory_API\\controller\\authController.js","statementMap":{"0":{"start":{"line":1,"column":9},"end":{"line":1,"column":31}},"1":{"start":{"line":2,"column":11},"end":{"line":2,"column":26}},"2":{"start":{"line":3,"column":10},"end":{"line":3,"column":33}},"3":{"start":{"line":6,"column":20},"end":{"line":6,"column":61}},"4":{"start":{"line":9,"column":4},"end":{"line":15,"column":5}},"5":{"start":{"line":10,"column":15},"end":{"line":10,"column":55}},"6":{"start":{"line":11,"column":4},"end":{"line":11,"column":27}},"7":{"start":{"line":14,"column":8},"end":{"line":14,"column":19}},"8":{"start":{"line":20,"column":4},"end":{"line":26,"column":9}},"9":{"start":{"line":21,"column":8},"end":{"line":21,"column":69}},"10":{"start":{"line":22,"column":8},"end":{"line":22,"column":19}},"11":{"start":{"line":25,"column":12},"end":{"line":25,"column":23}},"12":{"start":{"line":31,"column":13},"end":{"line":57,"column":1}},"13":{"start":{"line":32,"column":15},"end":{"line":32,"column":23}},"14":{"start":{"line":33,"column":4},"end":{"line":56,"column":30}},"15":{"start":{"line":35,"column":19},"end":{"line":35,"column":66}},"16":{"start":{"line":35,"column":36},"end":{"line":35,"column":65}},"17":{"start":{"line":36,"column":8},"end":{"line":40,"column":9}},"18":{"start":{"line":37,"column":24},"end":{"line":37,"column":35}},"19":{"start":{"line":38,"column":12},"end":{"line":38,"column":44}},"20":{"start":{"line":39,"column":12},"end":{"line":39,"column":30}},"21":{"start":{"line":41,"column":22},"end":{"line":45,"column":9}},"22":{"start":{"line":46,"column":8},"end":{"line":46,"column":27}},"23":{"start":{"line":47,"column":8},"end":{"line":54,"column":10}},"24":{"start":{"line":49,"column":12},"end":{"line":53,"column":14}},"25":{"start":{"line":56,"column":18},"end":{"line":56,"column":29}},"26":{"start":{"line":62,"column":12},"end":{"line":91,"column":1}},"27":{"start":{"line":63,"column":22},"end":{"line":63,"column":30}},"28":{"start":{"line":64,"column":4},"end":{"line":89,"column":30}},"29":{"start":{"line":66,"column":19},"end":{"line":66,"column":73}},"30":{"start":{"line":66,"column":36},"end":{"line":66,"column":72}},"31":{"start":{"line":67,"column":8},"end":{"line":71,"column":9}},"32":{"start":{"line":68,"column":24},"end":{"line":68,"column":35}},"33":{"start":{"line":69,"column":12},"end":{"line":69,"column":44}},"34":{"start":{"line":70,"column":12},"end":{"line":70,"column":30}},"35":{"start":{"line":72,"column":16},"end":{"line":80,"column":6}},"36":{"start":{"line":81,"column":4},"end":{"line":85,"column":6}},"37":{"start":{"line":89,"column":18},"end":{"line":89,"column":29}},"38":{"start":{"line":93,"column":0},"end":{"line":95,"column":1}}},"fnMap":{"0":{"name":"readData","decl":{"start":{"line":8,"column":15},"end":{"line":8,"column":23}},"loc":{"start":{"line":8,"column":25},"end":{"line":16,"column":1}},"line":8},"1":{"name":"writeData","decl":{"start":{"line":19,"column":15},"end":{"line":19,"column":24}},"loc":{"start":{"line":19,"column":30},"end":{"line":27,"column":1}},"line":19},"2":{"name":"(anonymous_2)","decl":{"start":{"line":31,"column":13},"end":{"line":31,"column":14}},"loc":{"start":{"line":31,"column":29},"end":{"line":57,"column":1}},"line":31},"3":{"name":"(anonymous_3)","decl":{"start":{"line":34,"column":10},"end":{"line":34,"column":11}},"loc":{"start":{"line":34,"column":19},"end":{"line":55,"column":5}},"line":34},"4":{"name":"(anonymous_4)","decl":{"start":{"line":35,"column":30},"end":{"line":35,"column":31}},"loc":{"start":{"line":35,"column":36},"end":{"line":35,"column":65}},"line":35},"5":{"name":"(anonymous_5)","decl":{"start":{"line":48,"column":14},"end":{"line":48,"column":15}},"loc":{"start":{"line":48,"column":18},"end":{"line":54,"column":9}},"line":48},"6":{"name":"(anonymous_6)","decl":{"start":{"line":56,"column":11},"end":{"line":56,"column":12}},"loc":{"start":{"line":56,"column":18},"end":{"line":56,"column":29}},"line":56},"7":{"name":"(anonymous_7)","decl":{"start":{"line":62,"column":12},"end":{"line":62,"column":13}},"loc":{"start":{"line":62,"column":28},"end":{"line":91,"column":1}},"line":62},"8":{"name":"(anonymous_8)","decl":{"start":{"line":65,"column":10},"end":{"line":65,"column":11}},"loc":{"start":{"line":65,"column":19},"end":{"line":88,"column":5}},"line":65},"9":{"name":"(anonymous_9)","decl":{"start":{"line":66,"column":30},"end":{"line":66,"column":31}},"loc":{"start":{"line":66,"column":36},"end":{"line":66,"column":72}},"line":66},"10":{"name":"(anonymous_10)","decl":{"start":{"line":89,"column":11},"end":{"line":89,"column":12}},"loc":{"start":{"line":89,"column":18},"end":{"line":89,"column":29}},"line":89}},"branchMap":{"0":{"loc":{"start":{"line":36,"column":8},"end":{"line":40,"column":9}},"type":"if","locations":[{"start":{"line":36,"column":8},"end":{"line":40,"column":9}},{"start":{},"end":{}}],"line":36},"1":{"loc":{"start":{"line":67,"column":8},"end":{"line":71,"column":9}},"type":"if","locations":[{"start":{"line":67,"column":8},"end":{"line":71,"column":9}},{"start":{},"end":{}}],"line":67},"2":{"loc":{"start":{"line":67,"column":11},"end":{"line":67,"column":54}},"type":"binary-expr","locations":[{"start":{"line":67,"column":11},"end":{"line":67,"column":16}},{"start":{"line":67,"column":18},"end":{"line":67,"column":54}}],"line":67}},"s":{"0":2,"1":2,"2":2,"3":2,"4":5,"5":5,"6":5,"7":0,"8":1,"9":1,"10":1,"11":0,"12":2,"13":2,"14":2,"15":2,"16":4,"17":2,"18":1,"19":1,"20":1,"21":1,"22":1,"23":1,"24":1,"25":0,"26":2,"27":3,"28":3,"29":3,"30":6,"31":3,"32":1,"33":1,"34":1,"35":2,"36":2,"37":0,"38":2},"f":{"0":5,"1":1,"2":2,"3":2,"4":4,"5":1,"6":0,"7":3,"8":3,"9":6,"10":0},"b":{"0":[1,1],"1":[1,2],"2":[3,2]},"_coverageSchema":"1a1c01bbd47fc00a2c39e90264f33305004495a9","hash":"475cab47f3c3c27a505b3c51324e5573d226effa"}
,"C:\\Users\\divij\\OneDrive\\Desktop\\Product_Inventory_API\\controller\\productsController.js": {"path":"C:\\Users\\divij\\OneDrive\\Desktop\\Product_Inventory_API\\controller\\productsController.js","statementMap":{"0":{"start":{"line":1,"column":9},"end":{"line":1,"column":31}},"1":{"start":{"line":2,"column":11},"end":{"line":2,"column":26}},"2":{"start":{"line":5,"column":23},"end":{"line":5,"column":67}},"3":{"start":{"line":10,"column":4},"end":{"line":16,"column":5}},"4":{"start":{"line":11,"column":19},"end":{"line":11,"column":62}},"5":{"start":{"line":12,"column":8},"end":{"line":12,"column":31}},"6":{"start":{"line":15,"column":8},"end":{"line":15,"column":19}},"7":{"start":{"line":20,"column":8},"end":{"line":26,"column":9}},"8":{"start":{"line":21,"column":8},"end":{"line":21,"column":72}},"9":{"start":{"line":22,"column":8},"end":{"line":22,"column":19}},"10":{"start":{"line":25,"column":12},"end":{"line":25,"column":23}},"11":{"start":{"line":31,"column":14},"end":{"line":31,"column":74}},"12":{"start":{"line":32,"column":4},"end":{"line":32,"column":37}},"13":{"start":{"line":32,"column":25},"end":{"line":32,"column":37}},"14":{"start":{"line":35,"column":12},"end":{"line":35,"column":14}},"15":{"start":{"line":36,"column":4},"end":{"line":36,"column":22}},"16":{"start":{"line":37,"column":15},"end":{"line":37,"column":31}},"17":{"start":{"line":38,"column":16},"end":{"line":38,"column":32}},"18":{"start":{"line":39,"column":14},"end":{"line":39,"column":30}},"19":{"start":{"line":41,"column":15},"end":{"line":41,"column":41}},"20":{"start":{"line":43,"column":12},"end":{"line":43,"column":30}},"21":{"start":{"line":44,"column":12},"end":{"line":44,"column":27}},"22":{"start":{"line":45,"column":12},"end":{"line":45,"column":26}},"23":{"start":{"line":46,"column":4},"end":{"line":48,"column":5}},"24":{"start":{"line":47,"column":8},"end":{"line":47,"column":19}},"25":{"start":{"line":49,"column":4},"end":{"line":49,"column":16}},"26":{"start":{"line":55,"column":22},"end":{"line":55,"column":61}},"27":{"start":{"line":56,"column":4},"end":{"line":78,"column":5}},"28":{"start":{"line":57,"column":20},"end":{"line":57,"column":31}},"29":{"start":{"line":58,"column":8},"end":{"line":58,"column":35}},"30":{"start":{"line":59,"column":8},"end":{"line":59,"column":19}},"31":{"start":{"line":61,"column":9},"end":{"line":78,"column":5}},"32":{"start":{"line":62,"column":20},"end":{"line":62,"column":31}},"33":{"start":{"line":63,"column":8},"end":{"line":63,"column":48}},"34":{"start":{"line":64,"column":8},"end":{"line":64,"column":19}},"35":{"start":{"line":67,"column":9},"end":{"line":78,"column":5}},"36":{"start":{"line":68,"column":20},"end":{"line":68,"column":31}},"37":{"start":{"line":69,"column":8},"end":{"line":69,"column":48}},"38":{"start":{"line":70,"column":8},"end":{"line":70,"column":19}},"39":{"start":{"line":73,"column":9},"end":{"line":78,"column":5}},"40":{"start":{"line":74,"column":20},"end":{"line":74,"column":31}},"41":{"start":{"line":75,"column":8},"end":{"line":75,"column":44}},"42":{"start":{"line":76,"column":8},"end":{"line":76,"column":19}},"43":{"start":{"line":85,"column":21},"end":{"line":96,"column":1}},"44":{"start":{"line":86,"column":4},"end":{"line":94,"column":30}},"45":{"start":{"line":88,"column":8},"end":{"line":91,"column":10}},"46":{"start":{"line":94,"column":18},"end":{"line":94,"column":29}},"47":{"start":{"line":101,"column":21},"end":{"line":122,"column":1}},"48":{"start":{"line":102,"column":13},"end":{"line":102,"column":36}},"49":{"start":{"line":103,"column":4},"end":{"line":120,"column":30}},"50":{"start":{"line":105,"column":22},"end":{"line":105,"column":61}},"51":{"start":{"line":105,"column":45},"end":{"line":105,"column":60}},"52":{"start":{"line":107,"column":8},"end":{"line":111,"column":9}},"53":{"start":{"line":108,"column":24},"end":{"line":108,"column":35}},"54":{"start":{"line":109,"column":12},"end":{"line":109,"column":42}},"55":{"start":{"line":110,"column":12},"end":{"line":110,"column":30}},"56":{"start":{"line":114,"column":8},"end":{"line":117,"column":10}},"57":{"start":{"line":120,"column":18},"end":{"line":120,"column":29}},"58":{"start":{"line":126,"column":20},"end":{"line":199,"column":1}},"59":{"start":{"line":127,"column":18},"end":{"line":127,"column":26}},"60":{"start":{"line":129,"column":4},"end":{"line":133,"column":5}},"61":{"start":{"line":130,"column":20},"end":{"line":130,"column":31}},"62":{"start":{"line":131,"column":8},"end":{"line":131,"column":35}},"63":{"start":{"line":132,"column":8},"end":{"line":132,"column":26}},"64":{"start":{"line":137,"column":4},"end":{"line":198,"column":30}},"65":{"start":{"line":140,"column":19},"end":{"line":140,"column":33}},"66":{"start":{"line":142,"column":8},"end":{"line":160,"column":9}},"67":{"start":{"line":143,"column":12},"end":{"line":151,"column":13}},"68":{"start":{"line":144,"column":16},"end":{"line":144,"column":33}},"69":{"start":{"line":146,"column":17},"end":{"line":151,"column":13}},"70":{"start":{"line":147,"column":16},"end":{"line":147,"column":34}},"71":{"start":{"line":150,"column":16},"end":{"line":150,"column":37}},"72":{"start":{"line":154,"column":12},"end":{"line":159,"column":13}},"73":{"start":{"line":155,"column":16},"end":{"line":155,"column":55}},"74":{"start":{"line":158,"column":16},"end":{"line":158,"column":34}},"75":{"start":{"line":161,"column":8},"end":{"line":167,"column":9}},"76":{"start":{"line":162,"column":12},"end":{"line":166,"column":13}},"77":{"start":{"line":163,"column":28},"end":{"line":163,"column":39}},"78":{"start":{"line":164,"column":16},"end":{"line":164,"column":48}},"79":{"start":{"line":165,"column":16},"end":{"line":165,"column":34}},"80":{"start":{"line":171,"column":8},"end":{"line":183,"column":9}},"81":{"start":{"line":185,"column":12},"end":{"line":185,"column":38}},"82":{"start":{"line":186,"column":12},"end":{"line":193,"column":14}},"83":{"start":{"line":188,"column":16},"end":{"line":192,"column":15}},"84":{"start":{"line":198,"column":18},"end":{"line":198,"column":29}},"85":{"start":{"line":205,"column":20},"end":{"line":261,"column":1}},"86":{"start":{"line":206,"column":13},"end":{"line":206,"column":36}},"87":{"start":{"line":207,"column":18},"end":{"line":207,"column":26}},"88":{"start":{"line":208,"column":4},"end":{"line":212,"column":5}},"89":{"start":{"line":209,"column":20},"end":{"line":209,"column":31}},"90":{"start":{"line":210,"column":8},"end":{"line":210,"column":36}},"91":{"start":{"line":211,"column":8},"end":{"line":211,"column":26}},"92":{"start":{"line":214,"column":15},"end":{"line":214,"column":29}},"93":{"start":{"line":215,"column":4},"end":{"line":222,"column":9}},"94":{"start":{"line":216,"column":12},"end":{"line":221,"column":13}},"95":{"start":{"line":217,"column":16},"end":{"line":217,"column":55}},"96":{"start":{"line":220,"column":16},"end":{"line":220,"column":34}},"97":{"start":{"line":224,"column":4},"end":{"line":230,"column":9}},"98":{"start":{"line":225,"column":12},"end":{"line":229,"column":13}},"99":{"start":{"line":226,"column":28},"end":{"line":226,"column":39}},"100":{"start":{"line":227,"column":16},"end":{"line":227,"column":48}},"101":{"start":{"line":228,"column":16},"end":{"line":228,"column":34}},"102":{"start":{"line":231,"column":4},"end":{"line":259,"column":32}},"103":{"start":{"line":233,"column":20},"end":{"line":233,"column":64}},"104":{"start":{"line":233,"column":48},"end":{"line":233,"column":63}},"105":{"start":{"line":234,"column":8},"end":{"line":238,"column":9}},"106":{"start":{"line":235,"column":24},"end":{"line":235,"column":35}},"107":{"start":{"line":236,"column":12},"end":{"line":236,"column":42}},"108":{"start":{"line":237,"column":12},"end":{"line":237,"column":30}},"109":{"start":{"line":241,"column":29},"end":{"line":246,"column":5}},"110":{"start":{"line":248,"column":4},"end":{"line":248,"column":34}},"111":{"start":{"line":249,"column":4},"end":{"line":257,"column":6}},"112":{"start":{"line":251,"column":8},"end":{"line":256,"column":10}},"113":{"start":{"line":259,"column":20},"end":{"line":259,"column":31}},"114":{"start":{"line":268,"column":20},"end":{"line":319,"column":1}},"115":{"start":{"line":269,"column":13},"end":{"line":269,"column":36}},"116":{"start":{"line":270,"column":18},"end":{"line":270,"column":26}},"117":{"start":{"line":273,"column":15},"end":{"line":273,"column":29}},"118":{"start":{"line":274,"column":4},"end":{"line":281,"column":9}},"119":{"start":{"line":275,"column":12},"end":{"line":280,"column":13}},"120":{"start":{"line":276,"column":16},"end":{"line":276,"column":55}},"121":{"start":{"line":279,"column":16},"end":{"line":279,"column":34}},"122":{"start":{"line":283,"column":4},"end":{"line":289,"column":9}},"123":{"start":{"line":284,"column":12},"end":{"line":288,"column":13}},"124":{"start":{"line":285,"column":28},"end":{"line":285,"column":39}},"125":{"start":{"line":286,"column":16},"end":{"line":286,"column":48}},"126":{"start":{"line":287,"column":16},"end":{"line":287,"column":34}},"127":{"start":{"line":290,"column":4},"end":{"line":317,"column":32}},"128":{"start":{"line":292,"column":20},"end":{"line":292,"column":64}},"129":{"start":{"line":292,"column":48},"end":{"line":292,"column":63}},"130":{"start":{"line":293,"column":8},"end":{"line":297,"column":9}},"131":{"start":{"line":294,"column":24},"end":{"line":294,"column":35}},"132":{"start":{"line":295,"column":12},"end":{"line":295,"column":42}},"133":{"start":{"line":296,"column":12},"end":{"line":296,"column":30}},"134":{"start":{"line":299,"column":36},"end":{"line":304,"column":5}},"135":{"start":{"line":306,"column":4},"end":{"line":306,"column":41}},"136":{"start":{"line":307,"column":4},"end":{"line":315,"column":6}},"137":{"start":{"line":309,"column":8},"end":{"line":314,"column":10}},"138":{"start":{"line":317,"column":20},"end":{"line":317,"column":31}},"139":{"start":{"line":322,"column":20},"end":{"line":345,"column":1}},"140":{"start":{"line":323,"column":13},"end":{"line":323,"column":36}},"141":{"start":{"line":324,"column":4},"end":{"line":344,"column":30}},"142":{"start":{"line":326,"column":20},"end":{"line":326,"column":64}},"143":{"start":{"line":326,"column":48},"end":{"line":326,"column":63}},"144":{"start":{"line":327,"column":4},"end":{"line":331,"column":5}},"145":{"start":{"line":328,"column":20},"end":{"line":328,"column":31}},"146":{"start":{"line":329,"column":8},"end":{"line":329,"column":38}},"147":{"start":{"line":330,"column":8},"end":{"line":330,"column":26}},"148":{"start":{"line":332,"column":18},"end":{"line":332,"column":45}},"149":{"start":{"line":334,"column":4},"end":{"line":341,"column":2}},"150":{"start":{"line":336,"column":8},"end":{"line":340,"column":6}},"151":{"start":{"line":344,"column":18},"end":{"line":344,"column":29}},"152":{"start":{"line":348,"column":0},"end":{"line":355,"column":1}}},"fnMap":{"0":{"name":"readProducts","decl":{"start":{"line":9,"column":15},"end":{"line":9,"column":27}},"loc":{"start":{"line":9,"column":29},"end":{"line":17,"column":1}},"line":9},"1":{"name":"writeProducts","decl":{"start":{"line":19,"column":15},"end":{"line":19,"column":28}},"loc":{"start":{"line":19,"column":34},"end":{"line":27,"column":1}},"line":19},"2":{"name":"isValidDate","decl":{"start":{"line":30,"column":9},"end":{"line":30,"column":20}},"loc":{"start":{"line":30,"column":25},"end":{"line":51,"column":1}},"line":30},"3":{"name":"validateStatus","decl":{"start":{"line":54,"column":9},"end":{"line":54,"column":23}},"loc":{"start":{"line":54,"column":40},"end":{"line":83,"column":1}},"line":54},"4":{"name":"(anonymous_4)","decl":{"start":{"line":85,"column":21},"end":{"line":85,"column":22}},"loc":{"start":{"line":85,"column":37},"end":{"line":96,"column":1}},"line":85},"5":{"name":"(anonymous_5)","decl":{"start":{"line":87,"column":10},"end":{"line":87,"column":11}},"loc":{"start":{"line":87,"column":16},"end":{"line":93,"column":5}},"line":87},"6":{"name":"(anonymous_6)","decl":{"start":{"line":94,"column":11},"end":{"line":94,"column":12}},"loc":{"start":{"line":94,"column":18},"end":{"line":94,"column":29}},"line":94},"7":{"name":"(anonymous_7)","decl":{"start":{"line":101,"column":21},"end":{"line":101,"column":22}},"loc":{"start":{"line":101,"column":37},"end":{"line":122,"column":1}},"line":101},"8":{"name":"(anonymous_8)","decl":{"start":{"line":104,"column":10},"end":{"line":104,"column":11}},"loc":{"start":{"line":104,"column":20},"end":{"line":119,"column":5}},"line":104},"9":{"name":"(anonymous_9)","decl":{"start":{"line":105,"column":36},"end":{"line":105,"column":37}},"loc":{"start":{"line":105,"column":45},"end":{"line":105,"column":60}},"line":105},"10":{"name":"(anonymous_10)","decl":{"start":{"line":120,"column":11},"end":{"line":120,"column":12}},"loc":{"start":{"line":120,"column":18},"end":{"line":120,"column":29}},"line":120},"11":{"name":"(anonymous_11)","decl":{"start":{"line":126,"column":20},"end":{"line":126,"column":21}},"loc":{"start":{"line":126,"column":36},"end":{"line":199,"column":1}},"line":126},"12":{"name":"(anonymous_12)","decl":{"start":{"line":138,"column":10},"end":{"line":138,"column":11}},"loc":{"start":{"line":138,"column":20},"end":{"line":195,"column":9}},"line":138},"13":{"name":"(anonymous_13)","decl":{"start":{"line":187,"column":18},"end":{"line":187,"column":19}},"loc":{"start":{"line":187,"column":22},"end":{"line":193,"column":13}},"line":187},"14":{"name":"(anonymous_14)","decl":{"start":{"line":198,"column":11},"end":{"line":198,"column":12}},"loc":{"start":{"line":198,"column":18},"end":{"line":198,"column":29}},"line":198},"15":{"name":"(anonymous_15)","decl":{"start":{"line":205,"column":20},"end":{"line":205,"column":21}},"loc":{"start":{"line":205,"column":36},"end":{"line":261,"column":1}},"line":205},"16":{"name":"(anonymous_16)","decl":{"start":{"line":232,"column":10},"end":{"line":232,"column":11}},"loc":{"start":{"line":232,"column":20},"end":{"line":258,"column":5}},"line":232},"17":{"name":"(anonymous_17)","decl":{"start":{"line":233,"column":39},"end":{"line":233,"column":40}},"loc":{"start":{"line":233,"column":48},"end":{"line":233,"column":63}},"line":233},"18":{"name":"(anonymous_18)","decl":{"start":{"line":250,"column":10},"end":{"line":250,"column":11}},"loc":{"start":{"line":250,"column":14},"end":{"line":257,"column":5}},"line":250},"19":{"name":"(anonymous_19)","decl":{"start":{"line":259,"column":11},"end":{"line":259,"column":12}},"loc":{"start":{"line":259,"column":20},"end":{"line":259,"column":31}},"line":259},"20":{"name":"(anonymous_20)","decl":{"start":{"line":268,"column":20},"end":{"line":268,"column":21}},"loc":{"start":{"line":268,"column":36},"end":{"line":319,"column":1}},"line":268},"21":{"name":"(anonymous_21)","decl":{"start":{"line":291,"column":10},"end":{"line":291,"column":11}},"loc":{"start":{"line":291,"column":20},"end":{"line":316,"column":5}},"line":291},"22":{"name":"(anonymous_22)","decl":{"start":{"line":292,"column":39},"end":{"line":292,"column":40}},"loc":{"start":{"line":292,"column":48},"end":{"line":292,"column":63}},"line":292},"23":{"name":"(anonymous_23)","decl":{"start":{"line":308,"column":10},"end":{"line":308,"column":11}},"loc":{"start":{"line":308,"column":14},"end":{"line":315,"column":5}},"line":308},"24":{"name":"(anonymous_24)","decl":{"start":{"line":317,"column":11},"end":{"line":317,"column":12}},"loc":{"start":{"line":317,"column":20},"end":{"line":317,"column":31}},"line":317},"25":{"name":"(anonymous_25)","decl":{"start":{"line":322,"column":20},"end":{"line":322,"column":21}},"loc":{"start":{"line":322,"column":36},"end":{"line":345,"column":1}},"line":322},"26":{"name":"(anonymous_26)","decl":{"start":{"line":325,"column":10},"end":{"line":325,"column":11}},"loc":{"start":{"line":325,"column":20},"end":{"line":343,"column":5}},"line":325},"27":{"name":"(anonymous_27)","decl":{"start":{"line":326,"column":39},"end":{"line":326,"column":40}},"loc":{"start":{"line":326,"column":48},"end":{"line":326,"column":63}},"line":326},"28":{"name":"(anonymous_28)","decl":{"start":{"line":335,"column":10},"end":{"line":335,"column":11}},"loc":{"start":{"line":335,"column":14},"end":{"line":341,"column":1}},"line":335},"29":{"name":"(anonymous_29)","decl":{"start":{"line":344,"column":11},"end":{"line":344,"column":12}},"loc":{"start":{"line":344,"column":18},"end":{"line":344,"column":29}},"line":344}},"branchMap":{"0":{"loc":{"start":{"line":32,"column":4},"end":{"line":32,"column":37}},"type":"if","locations":[{"start":{"line":32,"column":4},"end":{"line":32,"column":37}},{"start":{},"end":{}}],"line":32},"1":{"loc":{"start":{"line":46,"column":4},"end":{"line":48,"column":5}},"type":"if","locations":[{"start":{"line":46,"column":4},"end":{"line":48,"column":5}},{"start":{},"end":{}}],"line":46},"2":{"loc":{"start":{"line":46,"column":7},"end":{"line":46,"column":42}},"type":"binary-expr","locations":[{"start":{"line":46,"column":7},"end":{"line":46,"column":15}},{"start":{"line":46,"column":19},"end":{"line":46,"column":32}},{"start":{"line":46,"column":35},"end":{"line":46,"column":42}}],"line":46},"3":{"loc":{"start":{"line":56,"column":4},"end":{"line":78,"column":5}},"type":"if","locations":[{"start":{"line":56,"column":4},"end":{"line":78,"column":5}},{"start":{"line":61,"column":9},"end":{"line":78,"column":5}}],"line":56},"4":{"loc":{"start":{"line":61,"column":9},"end":{"line":78,"column":5}},"type":"if","locations":[{"start":{"line":61,"column":9},"end":{"line":78,"column":5}},{"start":{"line":67,"column":9},"end":{"line":78,"column":5}}],"line":61},"5":{"loc":{"start":{"line":61,"column":12},"end":{"line":61,"column":70}},"type":"binary-expr","locations":[{"start":{"line":61,"column":12},"end":{"line":61,"column":23}},{"start":{"line":61,"column":28},"end":{"line":61,"column":47}},{"start":{"line":61,"column":49},"end":{"line":61,"column":69}}],"line":61},"6":{"loc":{"start":{"line":67,"column":9},"end":{"line":78,"column":5}},"type":"if","locations":[{"start":{"line":67,"column":9},"end":{"line":78,"column":5}},{"start":{"line":73,"column":9},"end":{"line":78,"column":5}}],"line":67},"7":{"loc":{"start":{"line":67,"column":12},"end":{"line":67,"column":87}},"type":"binary-expr","locations":[{"start":{"line":67,"column":12},"end":{"line":67,"column":23}},{"start":{"line":67,"column":27},"end":{"line":67,"column":37}},{"start":{"line":67,"column":42},"end":{"line":67,"column":61}},{"start":{"line":67,"column":63},"end":{"line":67,"column":86}}],"line":67},"8":{"loc":{"start":{"line":73,"column":9},"end":{"line":78,"column":5}},"type":"if","locations":[{"start":{"line":73,"column":9},"end":{"line":78,"column":5}},{"start":{},"end":{}}],"line":73},"9":{"loc":{"start":{"line":73,"column":12},"end":{"line":73,"column":75}},"type":"binary-expr","locations":[{"start":{"line":73,"column":12},"end":{"line":73,"column":24}},{"start":{"line":73,"column":29},"end":{"line":73,"column":49}},{"start":{"line":73,"column":51},"end":{"line":73,"column":74}}],"line":73},"10":{"loc":{"start":{"line":107,"column":8},"end":{"line":111,"column":9}},"type":"if","locations":[{"start":{"line":107,"column":8},"end":{"line":111,"column":9}},{"start":{},"end":{}}],"line":107},"11":{"loc":{"start":{"line":129,"column":4},"end":{"line":133,"column":5}},"type":"if","locations":[{"start":{"line":129,"column":4},"end":{"line":133,"column":5}},{"start":{},"end":{}}],"line":129},"12":{"loc":{"start":{"line":129,"column":7},"end":{"line":129,"column":58}},"type":"binary-expr","locations":[{"start":{"line":129,"column":7},"end":{"line":129,"column":24}},{"start":{"line":129,"column":27},"end":{"line":129,"column":40}},{"start":{"line":129,"column":44},"end":{"line":129,"column":58}}],"line":129},"13":{"loc":{"start":{"line":142,"column":8},"end":{"line":160,"column":9}},"type":"if","locations":[{"start":{"line":142,"column":8},"end":{"line":160,"column":9}},{"start":{"line":153,"column":12},"end":{"line":160,"column":9}}],"line":142},"14":{"loc":{"start":{"line":143,"column":12},"end":{"line":151,"column":13}},"type":"if","locations":[{"start":{"line":143,"column":12},"end":{"line":151,"column":13}},{"start":{"line":146,"column":17},"end":{"line":151,"column":13}}],"line":143},"15":{"loc":{"start":{"line":146,"column":17},"end":{"line":151,"column":13}},"type":"if","locations":[{"start":{"line":146,"column":17},"end":{"line":151,"column":13}},{"start":{"line":149,"column":16},"end":{"line":151,"column":13}}],"line":146},"16":{"loc":{"start":{"line":146,"column":20},"end":{"line":146,"column":61}},"type":"binary-expr","locations":[{"start":{"line":146,"column":20},"end":{"line":146,"column":39}},{"start":{"line":146,"column":43},"end":{"line":146,"column":61}}],"line":146},"17":{"loc":{"start":{"line":161,"column":8},"end":{"line":167,"column":9}},"type":"if","locations":[{"start":{"line":161,"column":8},"end":{"line":167,"column":9}},{"start":{},"end":{}}],"line":161},"18":{"loc":{"start":{"line":162,"column":12},"end":{"line":166,"column":13}},"type":"if","locations":[{"start":{"line":162,"column":12},"end":{"line":166,"column":13}},{"start":{},"end":{}}],"line":162},"19":{"loc":{"start":{"line":174,"column":24},"end":{"line":174,"column":47}},"type":"binary-expr","locations":[{"start":{"line":174,"column":24},"end":{"line":174,"column":43}},{"start":{"line":174,"column":45},"end":{"line":174,"column":47}}],"line":174},"20":{"loc":{"start":{"line":176,"column":18},"end":{"line":176,"column":35}},"type":"binary-expr","locations":[{"start":{"line":176,"column":18},"end":{"line":176,"column":31}},{"start":{"line":176,"column":33},"end":{"line":176,"column":35}}],"line":176},"21":{"loc":{"start":{"line":178,"column":21},"end":{"line":178,"column":44}},"type":"binary-expr","locations":[{"start":{"line":178,"column":21},"end":{"line":178,"column":37}},{"start":{"line":178,"column":39},"end":{"line":178,"column":44}}],"line":178},"22":{"loc":{"start":{"line":179,"column":21},"end":{"line":179,"column":40}},"type":"binary-expr","locations":[{"start":{"line":179,"column":21},"end":{"line":179,"column":37}},{"start":{"line":179,"column":39},"end":{"line":179,"column":40}}],"line":179},"23":{"loc":{"start":{"line":181,"column":31},"end":{"line":181,"column":61}},"type":"binary-expr","locations":[{"start":{"line":181,"column":31},"end":{"line":181,"column":57}},{"start":{"line":181,"column":59},"end":{"line":181,"column":61}}],"line":181},"24":{"loc":{"start":{"line":208,"column":4},"end":{"line":212,"column":5}},"type":"if","locations":[{"start":{"line":208,"column":4},"end":{"line":212,"column":5}},{"start":{},"end":{}}],"line":208},"25":{"loc":{"start":{"line":208,"column":7},"end":{"line":208,"column":58}},"type":"binary-expr","locations":[{"start":{"line":208,"column":7},"end":{"line":208,"column":24}},{"start":{"line":208,"column":27},"end":{"line":208,"column":40}},{"start":{"line":208,"column":44},"end":{"line":208,"column":58}}],"line":208},"26":{"loc":{"start":{"line":215,"column":4},"end":{"line":222,"column":9}},"type":"if","locations":[{"start":{"line":215,"column":4},"end":{"line":222,"column":9}},{"start":{},"end":{}}],"line":215},"27":{"loc":{"start":{"line":224,"column":4},"end":{"line":230,"column":9}},"type":"if","locations":[{"start":{"line":224,"column":4},"end":{"line":230,"column":9}},{"start":{},"end":{}}],"line":224},"28":{"loc":{"start":{"line":225,"column":12},"end":{"line":229,"column":13}},"type":"if","locations":[{"start":{"line":225,"column":12},"end":{"line":229,"column":13}},{"start":{},"end":{}}],"line":225},"29":{"loc":{"start":{"line":234,"column":8},"end":{"line":238,"column":9}},"type":"if","locations":[{"start":{"line":234,"column":8},"end":{"line":238,"column":9}},{"start":{},"end":{}}],"line":234},"30":{"loc":{"start":{"line":274,"column":4},"end":{"line":281,"column":9}},"type":"if","locations":[{"start":{"line":274,"column":4},"end":{"line":281,"column":9}},{"start":{},"end":{}}],"line":274},"31":{"loc":{"start":{"line":283,"column":4},"end":{"line":289,"column":9}},"type":"if","locations":[{"start":{"line":283,"column":4},"end":{"line":289,"column":9}},{"start":{},"end":{}}],"line":283},"32":{"loc":{"start":{"line":284,"column":12},"end":{"line":288,"column":13}},"type":"if","locations":[{"start":{"line":284,"column":12},"end":{"line":288,"column":13}},{"start":{},"end":{}}],"line":284},"33":{"loc":{"start":{"line":293,"column":8},"end":{"line":297,"column":9}},"type":"if","locations":[{"start":{"line":293,"column":8},"end":{"line":297,"column":9}},{"start":{},"end":{}}],"line":293},"34":{"loc":{"start":{"line":327,"column":4},"end":{"line":331,"column":5}},"type":"if","locations":[{"start":{"line":327,"column":4},"end":{"line":331,"column":5}},{"start":{},"end":{}}],"line":327}},"s":{"0":2,"1":2,"2":2,"3":16,"4":16,"5":16,"6":0,"7":8,"8":8,"9":8,"10":0,"11":4,"12":4,"13":3,"14":1,"15":1,"16":1,"17":1,"18":1,"19":1,"20":1,"21":1,"22":1,"23":1,"24":1,"25":0,"26":2,"27":2,"28":1,"29":1,"30":1,"31":1,"32":1,"33":1,"34":1,"35":0,"36":0,"37":0,"38":0,"39":0,"40":0,"41":0,"42":0,"43":2,"44":1,"45":1,"46":0,"47":2,"48":2,"49":2,"50":2,"51":4,"52":2,"53":1,"54":1,"55":1,"56":1,"57":0,"58":2,"59":9,"60":9,"61":1,"62":1,"63":1,"64":8,"65":8,"66":8,"67":6,"68":2,"69":4,"70":1,"71":3,"72":2,"73":2,"74":2,"75":6,"76":2,"77":1,"78":1,"79":1,"80":5,"81":5,"82":5,"83":5,"84":0,"85":2,"86":3,"87":3,"88":3,"89":0,"90":0,"91":0,"92":3,"93":3,"94":0,"95":0,"96":0,"97":3,"98":1,"99":1,"100":1,"101":1,"102":2,"103":2,"104":4,"105":2,"106":1,"107":1,"108":1,"109":1,"110":1,"111":1,"112":1,"113":0,"114":2,"115":2,"116":2,"117":2,"118":2,"119":0,"120":0,"121":0,"122":2,"123":1,"124":1,"125":1,"126":1,"127":1,"128":1,"129":1,"130":1,"131":0,"132":0,"133":0,"134":1,"135":1,"136":1,"137":1,"138":0,"139":2,"140":2,"141":2,"142":2,"143":4,"144":2,"145":1,"146":1,"147":1,"148":1,"149":1,"150":1,"151":0,"152":2},"f":{"0":16,"1":8,"2":4,"3":2,"4":1,"5":1,"6":0,"7":2,"8":2,"9":4,"10":0,"11":9,"12":8,"13":5,"14":0,"15":3,"16":2,"17":4,"18":1,"19":0,"20":2,"21":1,"22":1,"23":1,"24":0,"25":2,"26":2,"27":4,"28":1,"29":0},"b":{"0":[3,1],"1":[1,0],"2":[1,1,1],"3":[1,1],"4":[1,0],"5":[1,1,0],"6":[0,0],"7":[0,0,0,0],"8":[0,0],"9":[0,0,0],"10":[1,1],"11":[1,8],"12":[9,8,8],"13":[6,2],"14":[2,4],"15":[1,3],"16":[4,2],"17":[2,4],"18":[1,1],"19":[5,5],"20":[5,5],"21":[5,5],"22":[5,2],"23":[5,4],"24":[0,3],"25":[3,3,3],"26":[0,3],"27":[1,2],"28":[1,0],"29":[1,1],"30":[0,2],"31":[1,1],"32":[1,0],"33":[0,1],"34":[1,1]},"_coverageSchema":"1a1c01bbd47fc00a2c39e90264f33305004495a9","hash":"97eec3cedcc6f4f749a8fd77f16b595609c77c26"}
,"C:\\Users\\divij\\OneDrive\\Desktop\\Product_Inventory_API\\router\\authRoutes.js": {"path":"C:\\Users\\divij\\OneDrive\\Desktop\\Product_Inventory_API\\router\\authRoutes.js","statementMap":{"0":{"start":{"line":1,"column":14},"end":{"line":1,"column":32}},"1":{"start":{"line":2,"column":13},"end":{"line":2,"column":29}},"2":{"start":{"line":3,"column":11},"end":{"line":3,"column":41}},"3":{"start":{"line":4,"column":20},"end":{"line":4,"column":59}},"4":{"start":{"line":7,"column":0},"end":{"line":7,"column":29}},"5":{"start":{"line":8,"column":0},"end":{"line":8,"column":27}},"6":{"start":{"line":10,"column":0},"end":{"line":10,"column":21}}},"fnMap":{},"branchMap":{},"s":{"0":2,"1":2,"2":2,"3":2,"4":2,"5":2,"6":2},"f":{},"b":{},"_coverageSchema":"1a1c01bbd47fc00a2c39e90264f33305004495a9","hash":"172cf5a482e65a622653523d7eb6ccd42fdbcf61"}
,"C:\\Users\\divij\\OneDrive\\Desktop\\Product_Inventory_API\\router\\productRoutes.js": {"path":"C:\\Users\\divij\\OneDrive\\Desktop\\Product_Inventory_API\\router\\productRoutes.js","statementMap":{"0":{"start":{"line":1,"column":14},"end":{"line":1,"column":32}},"1":{"start":{"line":2,"column":94},"end":{"line":2,"column":140}},"2":{"start":{"line":4,"column":11},"end":{"line":4,"column":44}},"3":{"start":{"line":6,"column":13},"end":{"line":6,"column":29}},"4":{"start":{"line":9,"column":0},"end":{"line":9,"column":35}},"5":{"start":{"line":10,"column":0},"end":{"line":10,"column":38}},"6":{"start":{"line":11,"column":0},"end":{"line":11,"column":35}},"7":{"start":{"line":12,"column":0},"end":{"line":12,"column":37}},"8":{"start":{"line":13,"column":0},"end":{"line":13,"column":39}},"9":{"start":{"line":14,"column":0},"end":{"line":14,"column":40}},"10":{"start":{"line":18,"column":0},"end":{"line":18,"column":21}}},"fnMap":{},"branchMap":{},"s":{"0":2,"1":2,"2":2,"3":2,"4":2,"5":2,"6":2,"7":2,"8":2,"9":2,"10":2},"f":{},"b":{},"_coverageSchema":"1a1c01bbd47fc00a2c39e90264f33305004495a9","hash":"8854d9837da4e762c357cc6cce3a81bcc706a463"}
}
