TN:
SF:server.js
FN:15,(anonymous_0)
FNF:1
FNH:1
FNDA:2,(anonymous_0)
DA:1,2
DA:2,2
DA:3,2
DA:4,2
DA:5,2
DA:6,2
DA:7,2
DA:9,2
DA:10,2
DA:11,2
DA:12,2
DA:13,2
DA:15,2
DA:16,2
DA:19,2
LF:15
LH:15
BRF:0
BRH:0
end_of_record
TN:
SF:Middlewares\auth.js
FN:2,(anonymous_0)
FNF:1
FNH:1
FNDA:20,(anonymous_0)
DA:1,2
DA:2,2
DA:3,20
DA:4,20
DA:5,20
DA:6,1
DA:13,19
DA:14,19
DA:15,19
DA:19,0
DA:23,2
LF:11
LH:10
BRDA:5,0,0,1
BRDA:5,0,1,19
BRF:2
BRH:2
end_of_record
TN:
SF:Middlewares\errorHandler.js
FN:3,(anonymous_0)
FNF:1
FNH:1
FNDA:11,(anonymous_0)
DA:1,2
DA:3,2
DA:4,11
DA:12,11
DA:25,11
DA:27,1
DA:28,1
DA:29,1
DA:31,1
DA:32,1
DA:33,1
DA:35,3
DA:36,3
DA:37,3
DA:39,1
DA:40,1
DA:41,1
DA:43,3
DA:44,3
DA:45,3
DA:47,0
DA:48,0
DA:49,0
DA:51,1
DA:52,1
DA:53,1
DA:55,1
DA:56,1
DA:57,1
DA:59,0
DA:60,0
DA:61,0
DA:63,0
DA:64,0
DA:65,0
DA:67,0
DA:68,0
DA:72,11
DA:82,2
LF:39
LH:28
BRDA:25,0,0,1
BRDA:25,0,1,1
BRDA:25,0,2,3
BRDA:25,0,3,1
BRDA:25,0,4,3
BRDA:25,0,5,0
BRDA:25,0,6,1
BRDA:25,0,7,1
BRDA:25,0,8,0
BRDA:25,0,9,0
BRDA:25,0,10,0
BRF:11
BRH:7
end_of_record
TN:
SF:Middlewares\logger.js
FN:9,(anonymous_0)
FN:18,(anonymous_1)
FNF:2
FNH:2
FNDA:36,(anonymous_0)
FNDA:25,(anonymous_1)
DA:1,2
DA:3,2
DA:9,36
DA:18,2
DA:19,25
DA:20,25
DA:23,2
LF:7
LH:7
BRF:0
BRH:0
end_of_record
TN:
SF:controller\authController.js
FN:8,readData
FN:19,writeData
FN:31,(anonymous_2)
FN:34,(anonymous_3)
FN:35,(anonymous_4)
FN:48,(anonymous_5)
FN:56,(anonymous_6)
FN:62,(anonymous_7)
FN:65,(anonymous_8)
FN:66,(anonymous_9)
FN:89,(anonymous_10)
FNF:11
FNH:9
FNDA:5,readData
FNDA:1,writeData
FNDA:2,(anonymous_2)
FNDA:2,(anonymous_3)
FNDA:4,(anonymous_4)
FNDA:1,(anonymous_5)
FNDA:0,(anonymous_6)
FNDA:3,(anonymous_7)
FNDA:3,(anonymous_8)
FNDA:6,(anonymous_9)
FNDA:0,(anonymous_10)
DA:1,2
DA:2,2
DA:3,2
DA:6,2
DA:9,5
DA:10,5
DA:11,5
DA:14,0
DA:20,1
DA:21,1
DA:22,1
DA:25,0
DA:31,2
DA:32,2
DA:33,2
DA:35,4
DA:36,2
DA:37,1
DA:38,1
DA:39,1
DA:41,1
DA:46,1
DA:47,1
DA:49,1
DA:56,0
DA:62,2
DA:63,3
DA:64,3
DA:66,6
DA:67,3
DA:68,1
DA:69,1
DA:70,1
DA:72,2
DA:81,2
DA:89,0
DA:93,2
LF:37
LH:33
BRDA:36,0,0,1
BRDA:36,0,1,1
BRDA:67,1,0,1
BRDA:67,1,1,2
BRDA:67,2,0,3
BRDA:67,2,1,2
BRF:6
BRH:6
end_of_record
TN:
SF:controller\productsController.js
FN:9,readProducts
FN:19,writeProducts
FN:30,isValidDate
FN:54,validateStatus
FN:85,(anonymous_4)
FN:87,(anonymous_5)
FN:94,(anonymous_6)
FN:101,(anonymous_7)
FN:104,(anonymous_8)
FN:105,(anonymous_9)
FN:120,(anonymous_10)
FN:126,(anonymous_11)
FN:138,(anonymous_12)
FN:187,(anonymous_13)
FN:198,(anonymous_14)
FN:205,(anonymous_15)
FN:232,(anonymous_16)
FN:233,(anonymous_17)
FN:250,(anonymous_18)
FN:259,(anonymous_19)
FN:268,(anonymous_20)
FN:291,(anonymous_21)
FN:292,(anonymous_22)
FN:308,(anonymous_23)
FN:317,(anonymous_24)
FN:322,(anonymous_25)
FN:325,(anonymous_26)
FN:326,(anonymous_27)
FN:335,(anonymous_28)
FN:344,(anonymous_29)
FNF:30
FNH:24
FNDA:16,readProducts
FNDA:8,writeProducts
FNDA:4,isValidDate
FNDA:2,validateStatus
FNDA:1,(anonymous_4)
FNDA:1,(anonymous_5)
FNDA:0,(anonymous_6)
FNDA:2,(anonymous_7)
FNDA:2,(anonymous_8)
FNDA:4,(anonymous_9)
FNDA:0,(anonymous_10)
FNDA:9,(anonymous_11)
FNDA:8,(anonymous_12)
FNDA:5,(anonymous_13)
FNDA:0,(anonymous_14)
FNDA:3,(anonymous_15)
FNDA:2,(anonymous_16)
FNDA:4,(anonymous_17)
FNDA:1,(anonymous_18)
FNDA:0,(anonymous_19)
FNDA:2,(anonymous_20)
FNDA:1,(anonymous_21)
FNDA:1,(anonymous_22)
FNDA:1,(anonymous_23)
FNDA:0,(anonymous_24)
FNDA:2,(anonymous_25)
FNDA:2,(anonymous_26)
FNDA:4,(anonymous_27)
FNDA:1,(anonymous_28)
FNDA:0,(anonymous_29)
DA:1,2
DA:2,2
DA:5,2
DA:10,16
DA:11,16
DA:12,16
DA:15,0
DA:20,8
DA:21,8
DA:22,8
DA:25,0
DA:31,4
DA:32,4
DA:35,1
DA:36,1
DA:37,1
DA:38,1
DA:39,1
DA:41,1
DA:43,1
DA:44,1
DA:45,1
DA:46,1
DA:47,1
DA:49,0
DA:55,2
DA:56,2
DA:57,1
DA:58,1
DA:59,1
DA:61,1
DA:62,1
DA:63,1
DA:64,1
DA:67,0
DA:68,0
DA:69,0
DA:70,0
DA:73,0
DA:74,0
DA:75,0
DA:76,0
DA:85,2
DA:86,1
DA:88,1
DA:94,0
DA:101,2
DA:102,2
DA:103,2
DA:105,4
DA:107,2
DA:108,1
DA:109,1
DA:110,1
DA:114,1
DA:120,0
DA:126,2
DA:127,9
DA:129,9
DA:130,1
DA:131,1
DA:132,1
DA:137,8
DA:140,8
DA:142,8
DA:143,6
DA:144,2
DA:146,4
DA:147,1
DA:150,3
DA:154,2
DA:155,2
DA:158,2
DA:161,6
DA:162,2
DA:163,1
DA:164,1
DA:165,1
DA:171,5
DA:185,5
DA:186,5
DA:188,5
DA:198,0
DA:205,2
DA:206,3
DA:207,3
DA:208,3
DA:209,0
DA:210,0
DA:211,0
DA:214,3
DA:215,3
DA:216,0
DA:217,0
DA:220,0
DA:224,3
DA:225,1
DA:226,1
DA:227,1
DA:228,1
DA:231,2
DA:233,4
DA:234,2
DA:235,1
DA:236,1
DA:237,1
DA:241,1
DA:248,1
DA:249,1
DA:251,1
DA:259,0
DA:268,2
DA:269,2
DA:270,2
DA:273,2
DA:274,2
DA:275,0
DA:276,0
DA:279,0
DA:283,2
DA:284,1
DA:285,1
DA:286,1
DA:287,1
DA:290,1
DA:292,1
DA:293,1
DA:294,0
DA:295,0
DA:296,0
DA:299,1
DA:306,1
DA:307,1
DA:309,1
DA:317,0
DA:322,2
DA:323,2
DA:324,2
DA:326,4
DA:327,2
DA:328,1
DA:329,1
DA:330,1
DA:332,1
DA:334,1
DA:336,1
DA:344,0
DA:348,2
LF:148
LH:119
BRDA:32,0,0,3
BRDA:32,0,1,1
BRDA:46,1,0,1
BRDA:46,1,1,0
BRDA:46,2,0,1
BRDA:46,2,1,1
BRDA:46,2,2,1
BRDA:56,3,0,1
BRDA:56,3,1,1
BRDA:61,4,0,1
BRDA:61,4,1,0
BRDA:61,5,0,1
BRDA:61,5,1,1
BRDA:61,5,2,0
BRDA:67,6,0,0
BRDA:67,6,1,0
BRDA:67,7,0,0
BRDA:67,7,1,0
BRDA:67,7,2,0
BRDA:67,7,3,0
BRDA:73,8,0,0
BRDA:73,8,1,0
BRDA:73,9,0,0
BRDA:73,9,1,0
BRDA:73,9,2,0
BRDA:107,10,0,1
BRDA:107,10,1,1
BRDA:129,11,0,1
BRDA:129,11,1,8
BRDA:129,12,0,9
BRDA:129,12,1,8
BRDA:129,12,2,8
BRDA:142,13,0,6
BRDA:142,13,1,2
BRDA:143,14,0,2
BRDA:143,14,1,4
BRDA:146,15,0,1
BRDA:146,15,1,3
BRDA:146,16,0,4
BRDA:146,16,1,2
BRDA:161,17,0,2
BRDA:161,17,1,4
BRDA:162,18,0,1
BRDA:162,18,1,1
BRDA:174,19,0,5
BRDA:174,19,1,5
BRDA:176,20,0,5
BRDA:176,20,1,5
BRDA:178,21,0,5
BRDA:178,21,1,5
BRDA:179,22,0,5
BRDA:179,22,1,2
BRDA:181,23,0,5
BRDA:181,23,1,4
BRDA:208,24,0,0
BRDA:208,24,1,3
BRDA:208,25,0,3
BRDA:208,25,1,3
BRDA:208,25,2,3
BRDA:215,26,0,0
BRDA:215,26,1,3
BRDA:224,27,0,1
BRDA:224,27,1,2
BRDA:225,28,0,1
BRDA:225,28,1,0
BRDA:234,29,0,1
BRDA:234,29,1,1
BRDA:274,30,0,0
BRDA:274,30,1,2
BRDA:283,31,0,1
BRDA:283,31,1,1
BRDA:284,32,0,1
BRDA:284,32,1,0
BRDA:293,33,0,0
BRDA:293,33,1,1
BRDA:327,34,0,1
BRDA:327,34,1,1
BRF:77
BRH:57
end_of_record
TN:
SF:router\authRoutes.js
FNF:0
FNH:0
DA:1,2
DA:2,2
DA:3,2
DA:4,2
DA:7,2
DA:8,2
DA:10,2
LF:7
LH:7
BRF:0
BRH:0
end_of_record
TN:
SF:router\productRoutes.js
FNF:0
FNH:0
DA:1,2
DA:2,2
DA:4,2
DA:6,2
DA:9,2
DA:10,2
DA:11,2
DA:12,2
DA:13,2
DA:14,2
DA:18,2
LF:11
LH:11
BRF:0
BRH:0
end_of_record
